<?xml version="1.0" encoding="UTF-8"?>
<testng-results skipped="0" failed="0" ignored="0" total="1" passed="1">
  <reporter-output>
  </reporter-output>
  <suite name="Default suite" duration-ms="64317" started-at="2017-11-01T06:38:16Z" finished-at="2017-11-01T06:39:20Z">
    <groups>
    </groups>
    <test name="Default test" duration-ms="64317" started-at="2017-11-01T06:38:16Z" finished-at="2017-11-01T06:39:20Z">
      <class name="com.selenium.demo.Demo">
        <test-method status="PASS" signature="openURL()[pri:0, instance:com.selenium.demo.Demo@14acaea5]" name="openURL" duration-ms="64299" started-at="2017-11-01T12:08:16Z" finished-at="2017-11-01T12:09:20Z">
          <reporter-output>
          </reporter-output>
        </test-method> <!-- openURL -->
      </class> <!-- com.selenium.demo.Demo -->
    </test> <!-- Default test -->
  </suite> <!-- Default suite -->
</testng-results>
